{"E:\\1dv503Assignment2\\controllers\\authController.js": {"path":"E:\\1dv503Assignment2\\controllers\\authController.js","statementMap":{"0":{"start":{"line":8,"column":36},"end":{"line":8,"column":64}},"1":{"start":{"line":11,"column":2},"end":{"line":11,"column":69}},"2":{"start":{"line":15,"column":2},"end":{"line":19,"column":4}},"3":{"start":{"line":23,"column":2},"end":{"line":51,"column":3}},"4":{"start":{"line":24,"column":32},"end":{"line":24,"column":40}},"5":{"start":{"line":25,"column":19},"end":{"line":25,"column":54}},"6":{"start":{"line":27,"column":4},"end":{"line":29,"column":5}},"7":{"start":{"line":28,"column":6},"end":{"line":28,"column":49}},"8":{"start":{"line":31,"column":17},"end":{"line":31,"column":53}},"9":{"start":{"line":33,"column":4},"end":{"line":35,"column":5}},"10":{"start":{"line":34,"column":6},"end":{"line":34,"column":72}},"11":{"start":{"line":37,"column":26},"end":{"line":37,"column":71}},"12":{"start":{"line":38,"column":4},"end":{"line":40,"column":5}},"13":{"start":{"line":39,"column":6},"end":{"line":39,"column":72}},"14":{"start":{"line":42,"column":4},"end":{"line":46,"column":5}},"15":{"start":{"line":48,"column":4},"end":{"line":48,"column":36}},"16":{"start":{"line":50,"column":4},"end":{"line":50,"column":13}},"17":{"start":{"line":55,"column":2},"end":{"line":58,"column":4}},"18":{"start":{"line":56,"column":4},"end":{"line":56,"column":29}},"19":{"start":{"line":56,"column":13},"end":{"line":56,"column":29}},"20":{"start":{"line":57,"column":4},"end":{"line":57,"column":29}},"21":{"start":{"line":62,"column":2},"end":{"line":62,"column":72}},"22":{"start":{"line":66,"column":68},"end":{"line":66,"column":72}},"23":{"start":{"line":67,"column":2},"end":{"line":67,"column":66}},"24":{"start":{"line":71,"column":2},"end":{"line":96,"column":3}},"25":{"start":{"line":72,"column":19},"end":{"line":72,"column":50}},"26":{"start":{"line":74,"column":4},"end":{"line":79,"column":5}},"27":{"start":{"line":75,"column":6},"end":{"line":78,"column":8}},"28":{"start":{"line":81,"column":4},"end":{"line":81,"column":40}},"29":{"start":{"line":83,"column":4},"end":{"line":87,"column":6}},"30":{"start":{"line":89,"column":4},"end":{"line":94,"column":5}},"31":{"start":{"line":90,"column":6},"end":{"line":93,"column":8}},"32":{"start":{"line":95,"column":4},"end":{"line":95,"column":13}}},"fnMap":{"0":{"name":"showLoginForm","decl":{"start":{"line":10,"column":16},"end":{"line":10,"column":29}},"loc":{"start":{"line":10,"column":40},"end":{"line":12,"column":1}},"line":10},"1":{"name":"renderLoginError","decl":{"start":{"line":14,"column":9},"end":{"line":14,"column":25}},"loc":{"start":{"line":14,"column":46},"end":{"line":20,"column":1}},"line":14},"2":{"name":"handleLogin","decl":{"start":{"line":22,"column":22},"end":{"line":22,"column":33}},"loc":{"start":{"line":22,"column":50},"end":{"line":52,"column":1}},"line":22},"3":{"name":"handleLogout","decl":{"start":{"line":54,"column":16},"end":{"line":54,"column":28}},"loc":{"start":{"line":54,"column":45},"end":{"line":59,"column":1}},"line":54},"4":{"name":"(anonymous_4)","decl":{"start":{"line":55,"column":22},"end":{"line":55,"column":23}},"loc":{"start":{"line":55,"column":29},"end":{"line":58,"column":3}},"line":55},"5":{"name":"showRegisterForm","decl":{"start":{"line":61,"column":16},"end":{"line":61,"column":32}},"loc":{"start":{"line":61,"column":43},"end":{"line":63,"column":1}},"line":61},"6":{"name":"extractRegisterValues","decl":{"start":{"line":65,"column":9},"end":{"line":65,"column":30}},"loc":{"start":{"line":65,"column":37},"end":{"line":68,"column":1}},"line":65},"7":{"name":"handleRegister","decl":{"start":{"line":70,"column":22},"end":{"line":70,"column":36}},"loc":{"start":{"line":70,"column":53},"end":{"line":97,"column":1}},"line":70}},"branchMap":{"0":{"loc":{"start":{"line":27,"column":4},"end":{"line":29,"column":5}},"type":"if","locations":[{"start":{"line":27,"column":4},"end":{"line":29,"column":5}},{"start":{},"end":{}}],"line":27},"1":{"loc":{"start":{"line":33,"column":4},"end":{"line":35,"column":5}},"type":"if","locations":[{"start":{"line":33,"column":4},"end":{"line":35,"column":5}},{"start":{},"end":{}}],"line":33},"2":{"loc":{"start":{"line":38,"column":4},"end":{"line":40,"column":5}},"type":"if","locations":[{"start":{"line":38,"column":4},"end":{"line":40,"column":5}},{"start":{},"end":{}}],"line":38},"3":{"loc":{"start":{"line":56,"column":4},"end":{"line":56,"column":29}},"type":"if","locations":[{"start":{"line":56,"column":4},"end":{"line":56,"column":29}},{"start":{},"end":{}}],"line":56},"4":{"loc":{"start":{"line":74,"column":4},"end":{"line":79,"column":5}},"type":"if","locations":[{"start":{"line":74,"column":4},"end":{"line":79,"column":5}},{"start":{},"end":{}}],"line":74},"5":{"loc":{"start":{"line":89,"column":4},"end":{"line":94,"column":5}},"type":"if","locations":[{"start":{"line":89,"column":4},"end":{"line":94,"column":5}},{"start":{},"end":{}}],"line":89}},"s":{"0":1,"1":1,"2":4,"3":6,"4":6,"5":6,"6":6,"7":2,"8":4,"9":3,"10":1,"11":2,"12":2,"13":1,"14":1,"15":1,"16":1,"17":2,"18":2,"19":1,"20":1,"21":1,"22":4,"23":4,"24":7,"25":7,"26":7,"27":4,"28":3,"29":1,"30":2,"31":1,"32":1},"f":{"0":1,"1":4,"2":6,"3":2,"4":2,"5":1,"6":4,"7":7},"b":{"0":[2,4],"1":[1,2],"2":[1,1],"3":[1,1],"4":[4,3],"5":[1,1]},"inputSourceMap":null,"_coverageSchema":"1a1c01bbd47fc00a2c39e90264f33305004495a9","hash":"28c7f15f0ebc3a7db909489e6b69dbc0a54bc8b8"}
,"E:\\1dv503Assignment2\\controllers\\booksController.js": {"path":"E:\\1dv503Assignment2\\controllers\\booksController.js","statementMap":{"0":{"start":{"line":7,"column":4},"end":{"line":7,"column":56}},"1":{"start":{"line":11,"column":20},"end":{"line":11,"column":35}},"2":{"start":{"line":12,"column":4},"end":{"line":12,"column":26}},"3":{"start":{"line":13,"column":4},"end":{"line":13,"column":18}},"4":{"start":{"line":17,"column":4},"end":{"line":21,"column":5}},"5":{"start":{"line":25,"column":4},"end":{"line":25,"column":43}},"6":{"start":{"line":26,"column":4},"end":{"line":66,"column":5}},"7":{"start":{"line":27,"column":24},"end":{"line":27,"column":49}},"8":{"start":{"line":28,"column":21},"end":{"line":28,"column":83}},"9":{"start":{"line":29,"column":25},"end":{"line":29,"column":96}},"10":{"start":{"line":31,"column":25},"end":{"line":31,"column":50}},"11":{"start":{"line":32,"column":8},"end":{"line":32,"column":42}},"12":{"start":{"line":34,"column":29},"end":{"line":34,"column":55}},"13":{"start":{"line":35,"column":32},"end":{"line":39,"column":10}},"14":{"start":{"line":41,"column":27},"end":{"line":41,"column":63}},"15":{"start":{"line":42,"column":24},"end":{"line":42,"column":66}},"16":{"start":{"line":44,"column":8},"end":{"line":51,"column":10}},"17":{"start":{"line":53,"column":8},"end":{"line":62,"column":10}},"18":{"start":{"line":64,"column":8},"end":{"line":64,"column":49}},"19":{"start":{"line":65,"column":8},"end":{"line":65,"column":17}}},"fnMap":{"0":{"name":"calculateTotalPages","decl":{"start":{"line":6,"column":9},"end":{"line":6,"column":28}},"loc":{"start":{"line":6,"column":46},"end":{"line":8,"column":1}},"line":6},"1":{"name":"extractAndClearSessionMessage","decl":{"start":{"line":10,"column":9},"end":{"line":10,"column":38}},"loc":{"start":{"line":10,"column":48},"end":{"line":14,"column":1}},"line":10},"2":{"name":"buildFilterParams","decl":{"start":{"line":16,"column":9},"end":{"line":16,"column":26}},"loc":{"start":{"line":16,"column":36},"end":{"line":22,"column":1}},"line":16},"3":{"name":"listBooks","decl":{"start":{"line":24,"column":22},"end":{"line":24,"column":31}},"loc":{"start":{"line":24,"column":48},"end":{"line":67,"column":1}},"line":24}},"branchMap":{"0":{"loc":{"start":{"line":7,"column":11},"end":{"line":7,"column":56}},"type":"cond-expr","locations":[{"start":{"line":7,"column":25},"end":{"line":7,"column":26}},{"start":{"line":7,"column":29},"end":{"line":7,"column":56}}],"line":7}},"s":{"0":9,"1":9,"2":9,"3":9,"4":9,"5":10,"6":10,"7":10,"8":10,"9":10,"10":10,"11":9,"12":9,"13":9,"14":9,"15":9,"16":9,"17":9,"18":1,"19":1},"f":{"0":9,"1":9,"2":9,"3":10},"b":{"0":[6,3]},"inputSourceMap":null,"_coverageSchema":"1a1c01bbd47fc00a2c39e90264f33305004495a9","hash":"b6819658ad9b87bfd2099a18607d9e84ea76db52"}
,"E:\\1dv503Assignment2\\controllers\\cartController.js": {"path":"E:\\1dv503Assignment2\\controllers\\cartController.js","statementMap":{"0":{"start":{"line":15,"column":2},"end":{"line":37,"column":3}},"1":{"start":{"line":16,"column":4},"end":{"line":18,"column":5}},"2":{"start":{"line":17,"column":6},"end":{"line":17,"column":39}},"3":{"start":{"line":20,"column":19},"end":{"line":20,"column":38}},"4":{"start":{"line":21,"column":33},"end":{"line":21,"column":41}},"5":{"start":{"line":22,"column":21},"end":{"line":22,"column":58}},"6":{"start":{"line":24,"column":25},"end":{"line":24,"column":64}},"7":{"start":{"line":26,"column":4},"end":{"line":31,"column":5}},"8":{"start":{"line":27,"column":6},"end":{"line":27,"column":57}},"9":{"start":{"line":29,"column":26},"end":{"line":29,"column":53}},"10":{"start":{"line":30,"column":6},"end":{"line":30,"column":69}},"11":{"start":{"line":33,"column":4},"end":{"line":33,"column":53}},"12":{"start":{"line":34,"column":4},"end":{"line":34,"column":53}},"13":{"start":{"line":36,"column":4},"end":{"line":36,"column":13}},"14":{"start":{"line":41,"column":2},"end":{"line":47,"column":5}},"15":{"start":{"line":41,"column":26},"end":{"line":47,"column":3}},"16":{"start":{"line":51,"column":2},"end":{"line":51,"column":57}},"17":{"start":{"line":51,"column":37},"end":{"line":51,"column":53}},"18":{"start":{"line":55,"column":2},"end":{"line":68,"column":3}},"19":{"start":{"line":56,"column":4},"end":{"line":58,"column":5}},"20":{"start":{"line":57,"column":6},"end":{"line":57,"column":39}},"21":{"start":{"line":60,"column":19},"end":{"line":60,"column":38}},"22":{"start":{"line":61,"column":17},"end":{"line":61,"column":57}},"23":{"start":{"line":62,"column":18},"end":{"line":62,"column":36}},"24":{"start":{"line":63,"column":23},"end":{"line":63,"column":49}},"25":{"start":{"line":65,"column":4},"end":{"line":65,"column":51}},"26":{"start":{"line":67,"column":4},"end":{"line":67,"column":13}},"27":{"start":{"line":72,"column":2},"end":{"line":72,"column":40}},"28":{"start":{"line":76,"column":31},"end":{"line":76,"column":50}},"29":{"start":{"line":77,"column":2},"end":{"line":77,"column":76}},"30":{"start":{"line":81,"column":2},"end":{"line":83,"column":3}},"31":{"start":{"line":82,"column":4},"end":{"line":82,"column":88}},"32":{"start":{"line":87,"column":16},"end":{"line":87,"column":39}},"33":{"start":{"line":88,"column":21},"end":{"line":88,"column":47}},"34":{"start":{"line":90,"column":2},"end":{"line":101,"column":3}},"35":{"start":{"line":105,"column":2},"end":{"line":133,"column":3}},"36":{"start":{"line":106,"column":4},"end":{"line":108,"column":5}},"37":{"start":{"line":107,"column":6},"end":{"line":107,"column":39}},"38":{"start":{"line":110,"column":19},"end":{"line":110,"column":38}},"39":{"start":{"line":111,"column":22},"end":{"line":111,"column":66}},"40":{"start":{"line":113,"column":4},"end":{"line":115,"column":5}},"41":{"start":{"line":114,"column":6},"end":{"line":114,"column":38}},"42":{"start":{"line":117,"column":22},"end":{"line":117,"column":32}},"43":{"start":{"line":118,"column":25},"end":{"line":118,"column":60}},"44":{"start":{"line":120,"column":24},"end":{"line":124,"column":6}},"45":{"start":{"line":126,"column":4},"end":{"line":126,"column":60}},"46":{"start":{"line":127,"column":4},"end":{"line":127,"column":35}},"47":{"start":{"line":129,"column":24},"end":{"line":129,"column":89}},"48":{"start":{"line":130,"column":4},"end":{"line":130,"column":43}},"49":{"start":{"line":132,"column":4},"end":{"line":132,"column":13}}},"fnMap":{"0":{"name":"addToCart","decl":{"start":{"line":14,"column":22},"end":{"line":14,"column":31}},"loc":{"start":{"line":14,"column":48},"end":{"line":38,"column":1}},"line":14},"1":{"name":"mapCartItems","decl":{"start":{"line":40,"column":9},"end":{"line":40,"column":21}},"loc":{"start":{"line":40,"column":28},"end":{"line":48,"column":1}},"line":40},"2":{"name":"(anonymous_2)","decl":{"start":{"line":41,"column":18},"end":{"line":41,"column":19}},"loc":{"start":{"line":41,"column":26},"end":{"line":47,"column":3}},"line":41},"3":{"name":"calculateGrandTotal","decl":{"start":{"line":50,"column":9},"end":{"line":50,"column":28}},"loc":{"start":{"line":50,"column":36},"end":{"line":52,"column":1}},"line":50},"4":{"name":"(anonymous_4)","decl":{"start":{"line":51,"column":22},"end":{"line":51,"column":23}},"loc":{"start":{"line":51,"column":37},"end":{"line":51,"column":53}},"line":51},"5":{"name":"viewCart","decl":{"start":{"line":54,"column":22},"end":{"line":54,"column":30}},"loc":{"start":{"line":54,"column":47},"end":{"line":69,"column":1}},"line":54},"6":{"name":"formatOrderDate","decl":{"start":{"line":71,"column":9},"end":{"line":71,"column":24}},"loc":{"start":{"line":71,"column":31},"end":{"line":73,"column":1}},"line":71},"7":{"name":"calculateDeliveryDate","decl":{"start":{"line":75,"column":9},"end":{"line":75,"column":30}},"loc":{"start":{"line":75,"column":56},"end":{"line":78,"column":1}},"line":75},"8":{"name":"createOrderDetails","decl":{"start":{"line":80,"column":15},"end":{"line":80,"column":33}},"loc":{"start":{"line":80,"column":62},"end":{"line":84,"column":1}},"line":80},"9":{"name":"buildInvoiceData","decl":{"start":{"line":86,"column":9},"end":{"line":86,"column":25}},"loc":{"start":{"line":86,"column":75},"end":{"line":102,"column":1}},"line":86},"10":{"name":"checkout","decl":{"start":{"line":104,"column":22},"end":{"line":104,"column":30}},"loc":{"start":{"line":104,"column":47},"end":{"line":134,"column":1}},"line":104}},"branchMap":{"0":{"loc":{"start":{"line":16,"column":4},"end":{"line":18,"column":5}},"type":"if","locations":[{"start":{"line":16,"column":4},"end":{"line":18,"column":5}},{"start":{},"end":{}}],"line":16},"1":{"loc":{"start":{"line":22,"column":42},"end":{"line":22,"column":52}},"type":"binary-expr","locations":[{"start":{"line":22,"column":42},"end":{"line":22,"column":45}},{"start":{"line":22,"column":49},"end":{"line":22,"column":52}}],"line":22},"2":{"loc":{"start":{"line":26,"column":4},"end":{"line":31,"column":5}},"type":"if","locations":[{"start":{"line":26,"column":4},"end":{"line":31,"column":5}},{"start":{"line":28,"column":11},"end":{"line":31,"column":5}}],"line":26},"3":{"loc":{"start":{"line":34,"column":17},"end":{"line":34,"column":52}},"type":"binary-expr","locations":[{"start":{"line":34,"column":17},"end":{"line":34,"column":36}},{"start":{"line":34,"column":40},"end":{"line":34,"column":52}}],"line":34},"4":{"loc":{"start":{"line":56,"column":4},"end":{"line":58,"column":5}},"type":"if","locations":[{"start":{"line":56,"column":4},"end":{"line":58,"column":5}},{"start":{},"end":{}}],"line":56},"5":{"loc":{"start":{"line":106,"column":4},"end":{"line":108,"column":5}},"type":"if","locations":[{"start":{"line":106,"column":4},"end":{"line":108,"column":5}},{"start":{},"end":{}}],"line":106},"6":{"loc":{"start":{"line":113,"column":4},"end":{"line":115,"column":5}},"type":"if","locations":[{"start":{"line":113,"column":4},"end":{"line":115,"column":5}},{"start":{},"end":{}}],"line":113}},"s":{"0":5,"1":5,"2":1,"3":4,"4":4,"5":4,"6":4,"7":3,"8":2,"9":1,"10":1,"11":3,"12":3,"13":1,"14":4,"15":5,"16":4,"17":5,"18":3,"19":3,"20":1,"21":2,"22":2,"23":1,"24":1,"25":1,"26":1,"27":3,"28":3,"29":3,"30":3,"31":3,"32":3,"33":3,"34":3,"35":6,"36":6,"37":1,"38":5,"39":5,"40":4,"41":1,"42":3,"43":3,"44":3,"45":3,"46":3,"47":3,"48":3,"49":1},"f":{"0":5,"1":4,"2":5,"3":4,"4":5,"5":3,"6":3,"7":3,"8":3,"9":3,"10":6},"b":{"0":[1,4],"1":[4,0],"2":[2,1],"3":[3,0],"4":[1,2],"5":[1,5],"6":[1,3]},"inputSourceMap":null,"_coverageSchema":"1a1c01bbd47fc00a2c39e90264f33305004495a9","hash":"2e26ed57bd3e4c5eb773dcf92d7268e1bd2a848b"}
,"E:\\1dv503Assignment2\\models\\authModel.js": {"path":"E:\\1dv503Assignment2\\models\\authModel.js","statementMap":{"0":{"start":{"line":4,"column":19},"end":{"line":7,"column":5}},"1":{"start":{"line":8,"column":4},"end":{"line":8,"column":26}}},"fnMap":{"0":{"name":"findUserByEmail","decl":{"start":{"line":3,"column":22},"end":{"line":3,"column":37}},"loc":{"start":{"line":3,"column":49},"end":{"line":9,"column":1}},"line":3}},"branchMap":{"0":{"loc":{"start":{"line":8,"column":11},"end":{"line":8,"column":26}},"type":"binary-expr","locations":[{"start":{"line":8,"column":11},"end":{"line":8,"column":18}},{"start":{"line":8,"column":22},"end":{"line":8,"column":26}}],"line":8}},"s":{"0":4,"1":3},"f":{"0":4},"b":{"0":[3,1]},"inputSourceMap":null,"_coverageSchema":"1a1c01bbd47fc00a2c39e90264f33305004495a9","hash":"28f3638dc9cc0f36b30a1bf3b8c581a196de1734"}
,"E:\\1dv503Assignment2\\models\\booksModel.js": {"path":"E:\\1dv503Assignment2\\models\\booksModel.js","statementMap":{"0":{"start":{"line":4,"column":17},"end":{"line":6,"column":3}},"1":{"start":{"line":7,"column":2},"end":{"line":7,"column":33}},"2":{"start":{"line":7,"column":23},"end":{"line":7,"column":32}},"3":{"start":{"line":11,"column":17},"end":{"line":11,"column":38}},"4":{"start":{"line":13,"column":21},"end":{"line":13,"column":23}},"5":{"start":{"line":14,"column":17},"end":{"line":14,"column":19}},"6":{"start":{"line":16,"column":2},"end":{"line":19,"column":3}},"7":{"start":{"line":17,"column":4},"end":{"line":17,"column":34}},"8":{"start":{"line":18,"column":4},"end":{"line":18,"column":24}},"9":{"start":{"line":21,"column":2},"end":{"line":24,"column":3}},"10":{"start":{"line":22,"column":4},"end":{"line":22,"column":43}},"11":{"start":{"line":23,"column":4},"end":{"line":23,"column":43}},"12":{"start":{"line":26,"column":2},"end":{"line":29,"column":3}},"13":{"start":{"line":27,"column":4},"end":{"line":27,"column":42}},"14":{"start":{"line":28,"column":4},"end":{"line":28,"column":48}},"15":{"start":{"line":31,"column":22},"end":{"line":31,"column":82}},"16":{"start":{"line":34,"column":19},"end":{"line":34,"column":71}},"17":{"start":{"line":35,"column":22},"end":{"line":35,"column":56}},"18":{"start":{"line":36,"column":16},"end":{"line":36,"column":34}},"19":{"start":{"line":39,"column":16},"end":{"line":39,"column":37}},"20":{"start":{"line":40,"column":21},"end":{"line":40,"column":40}},"21":{"start":{"line":42,"column":18},"end":{"line":48,"column":3}},"22":{"start":{"line":50,"column":2},"end":{"line":58,"column":4}},"23":{"start":{"line":60,"column":17},"end":{"line":60,"column":50}},"24":{"start":{"line":62,"column":2},"end":{"line":62,"column":24}}},"fnMap":{"0":{"name":"getSubjects","decl":{"start":{"line":3,"column":22},"end":{"line":3,"column":33}},"loc":{"start":{"line":3,"column":39},"end":{"line":8,"column":1}},"line":3},"1":{"name":"(anonymous_1)","decl":{"start":{"line":7,"column":18},"end":{"line":7,"column":19}},"loc":{"start":{"line":7,"column":23},"end":{"line":7,"column":32}},"line":7},"2":{"name":"getBooksPage","decl":{"start":{"line":10,"column":22},"end":{"line":10,"column":34}},"loc":{"start":{"line":10,"column":84},"end":{"line":63,"column":1}},"line":10}},"branchMap":{"0":{"loc":{"start":{"line":16,"column":2},"end":{"line":19,"column":3}},"type":"if","locations":[{"start":{"line":16,"column":2},"end":{"line":19,"column":3}},{"start":{},"end":{}}],"line":16},"1":{"loc":{"start":{"line":21,"column":2},"end":{"line":24,"column":3}},"type":"if","locations":[{"start":{"line":21,"column":2},"end":{"line":24,"column":3}},{"start":{},"end":{}}],"line":21},"2":{"loc":{"start":{"line":26,"column":2},"end":{"line":29,"column":3}},"type":"if","locations":[{"start":{"line":26,"column":2},"end":{"line":29,"column":3}},{"start":{},"end":{}}],"line":26},"3":{"loc":{"start":{"line":31,"column":22},"end":{"line":31,"column":82}},"type":"cond-expr","locations":[{"start":{"line":31,"column":42},"end":{"line":31,"column":77}},{"start":{"line":31,"column":80},"end":{"line":31,"column":82}}],"line":31},"4":{"loc":{"start":{"line":39,"column":16},"end":{"line":39,"column":37}},"type":"binary-expr","locations":[{"start":{"line":39,"column":16},"end":{"line":39,"column":32}},{"start":{"line":39,"column":36},"end":{"line":39,"column":37}}],"line":39},"5":{"loc":{"start":{"line":40,"column":21},"end":{"line":40,"column":40}},"type":"binary-expr","locations":[{"start":{"line":40,"column":21},"end":{"line":40,"column":35}},{"start":{"line":40,"column":39},"end":{"line":40,"column":40}}],"line":40}},"s":{"0":10,"1":9,"2":12,"3":9,"4":9,"5":9,"6":9,"7":1,"8":1,"9":9,"10":1,"11":1,"12":9,"13":1,"14":1,"15":9,"16":9,"17":9,"18":9,"19":9,"20":9,"21":9,"22":9,"23":9,"24":9},"f":{"0":10,"1":12,"2":9},"b":{"0":[1,8],"1":[1,8],"2":[1,8],"3":[1,8],"4":[9,0],"5":[9,8]},"inputSourceMap":null,"_coverageSchema":"1a1c01bbd47fc00a2c39e90264f33305004495a9","hash":"8e2adafc93a2b99bb72ec3c33c3bf6ea6c7149b3"}
,"E:\\1dv503Assignment2\\models\\cartModel.js": {"path":"E:\\1dv503Assignment2\\models\\cartModel.js","statementMap":{"0":{"start":{"line":4,"column":19},"end":{"line":7,"column":5}},"1":{"start":{"line":8,"column":4},"end":{"line":8,"column":26}},"2":{"start":{"line":12,"column":4},"end":{"line":15,"column":5}},"3":{"start":{"line":19,"column":4},"end":{"line":22,"column":5}},"4":{"start":{"line":26,"column":19},"end":{"line":35,"column":5}},"5":{"start":{"line":36,"column":4},"end":{"line":36,"column":15}},"6":{"start":{"line":40,"column":19},"end":{"line":53,"column":5}},"7":{"start":{"line":54,"column":4},"end":{"line":54,"column":15}},"8":{"start":{"line":58,"column":21},"end":{"line":62,"column":5}},"9":{"start":{"line":63,"column":4},"end":{"line":63,"column":26}},"10":{"start":{"line":67,"column":4},"end":{"line":71,"column":5}},"11":{"start":{"line":75,"column":4},"end":{"line":75,"column":67}}},"fnMap":{"0":{"name":"getCartItem","decl":{"start":{"line":3,"column":22},"end":{"line":3,"column":33}},"loc":{"start":{"line":3,"column":52},"end":{"line":9,"column":1}},"line":3},"1":{"name":"addItemToCart","decl":{"start":{"line":11,"column":22},"end":{"line":11,"column":35}},"loc":{"start":{"line":11,"column":64},"end":{"line":16,"column":1}},"line":11},"2":{"name":"updateCartItemQuantity","decl":{"start":{"line":18,"column":22},"end":{"line":18,"column":44}},"loc":{"start":{"line":18,"column":76},"end":{"line":23,"column":1}},"line":18},"3":{"name":"getCartWithDetails","decl":{"start":{"line":25,"column":22},"end":{"line":25,"column":40}},"loc":{"start":{"line":25,"column":53},"end":{"line":37,"column":1}},"line":25},"4":{"name":"getCartWithUserDetails","decl":{"start":{"line":39,"column":22},"end":{"line":39,"column":44}},"loc":{"start":{"line":39,"column":57},"end":{"line":55,"column":1}},"line":39},"5":{"name":"createOrder","decl":{"start":{"line":57,"column":22},"end":{"line":57,"column":33}},"loc":{"start":{"line":57,"column":66},"end":{"line":64,"column":1}},"line":57},"6":{"name":"createOrderDetail","decl":{"start":{"line":66,"column":22},"end":{"line":66,"column":39}},"loc":{"start":{"line":66,"column":81},"end":{"line":72,"column":1}},"line":66},"7":{"name":"clearCart","decl":{"start":{"line":74,"column":22},"end":{"line":74,"column":31}},"loc":{"start":{"line":74,"column":44},"end":{"line":76,"column":1}},"line":74}},"branchMap":{"0":{"loc":{"start":{"line":8,"column":11},"end":{"line":8,"column":26}},"type":"binary-expr","locations":[{"start":{"line":8,"column":11},"end":{"line":8,"column":18}},{"start":{"line":8,"column":22},"end":{"line":8,"column":26}}],"line":8}},"s":{"0":4,"1":3,"2":2,"3":1,"4":2,"5":1,"6":5,"7":4,"8":3,"9":3,"10":3,"11":3},"f":{"0":4,"1":2,"2":1,"3":2,"4":5,"5":3,"6":3,"7":3},"b":{"0":[3,2]},"inputSourceMap":null,"_coverageSchema":"1a1c01bbd47fc00a2c39e90264f33305004495a9","hash":"bba5f76749766d8e4bd57ddfbf7664580d0e9c84"}
,"E:\\1dv503Assignment2\\models\\membersModel.js": {"path":"E:\\1dv503Assignment2\\models\\membersModel.js","statementMap":{"0":{"start":{"line":5,"column":23},"end":{"line":5,"column":59}},"1":{"start":{"line":7,"column":14},"end":{"line":11,"column":3}},"2":{"start":{"line":13,"column":17},"end":{"line":22,"column":3}},"3":{"start":{"line":24,"column":19},"end":{"line":24,"column":48}},"4":{"start":{"line":25,"column":2},"end":{"line":25,"column":55}}},"fnMap":{"0":{"name":"createMember","decl":{"start":{"line":4,"column":22},"end":{"line":4,"column":34}},"loc":{"start":{"line":4,"column":46},"end":{"line":26,"column":1}},"line":4}},"branchMap":{},"s":{"0":3,"1":3,"2":3,"3":3,"4":1},"f":{"0":3},"b":{},"inputSourceMap":null,"_coverageSchema":"1a1c01bbd47fc00a2c39e90264f33305004495a9","hash":"74f6b349b19e6f3deb198a2757db5300939c73b6"}
,"E:\\1dv503Assignment2\\routes\\authRouter.js": {"path":"E:\\1dv503Assignment2\\routes\\authRouter.js","statementMap":{"0":{"start":{"line":11,"column":26},"end":{"line":11,"column":42}},"1":{"start":{"line":13,"column":0},"end":{"line":13,"column":45}},"2":{"start":{"line":14,"column":0},"end":{"line":14,"column":44}},"3":{"start":{"line":16,"column":0},"end":{"line":16,"column":39}},"4":{"start":{"line":17,"column":0},"end":{"line":17,"column":38}},"5":{"start":{"line":19,"column":0},"end":{"line":19,"column":40}}},"fnMap":{},"branchMap":{},"s":{"0":0,"1":0,"2":0,"3":0,"4":0,"5":0},"f":{},"b":{},"inputSourceMap":null}
,"E:\\1dv503Assignment2\\routes\\booksRouter.js": {"path":"E:\\1dv503Assignment2\\routes\\booksRouter.js","statementMap":{"0":{"start":{"line":5,"column":27},"end":{"line":5,"column":43}},"1":{"start":{"line":7,"column":0},"end":{"line":7,"column":31}}},"fnMap":{},"branchMap":{},"s":{"0":0,"1":0},"f":{},"b":{},"inputSourceMap":null}
,"E:\\1dv503Assignment2\\routes\\cartRouter.js": {"path":"E:\\1dv503Assignment2\\routes\\cartRouter.js","statementMap":{"0":{"start":{"line":5,"column":26},"end":{"line":5,"column":42}},"1":{"start":{"line":6,"column":0},"end":{"line":6,"column":33}},"2":{"start":{"line":8,"column":0},"end":{"line":8,"column":34}},"3":{"start":{"line":9,"column":0},"end":{"line":9,"column":29}},"4":{"start":{"line":10,"column":0},"end":{"line":10,"column":38}},"5":{"start":{"line":18,"column":0},"end":{"line":20,"column":3}},"6":{"start":{"line":19,"column":2},"end":{"line":19,"column":30}}},"fnMap":{"0":{"name":"(anonymous_0)","decl":{"start":{"line":18,"column":24},"end":{"line":18,"column":25}},"loc":{"start":{"line":18,"column":38},"end":{"line":20,"column":1}},"line":18}},"branchMap":{},"s":{"0":0,"1":0,"2":0,"3":0,"4":0,"5":0,"6":0},"f":{"0":0},"b":{},"inputSourceMap":null}
,"E:\\1dv503Assignment2\\routes\\indexRouter.js": {"path":"E:\\1dv503Assignment2\\routes\\indexRouter.js","statementMap":{"0":{"start":{"line":4,"column":15},"end":{"line":4,"column":31}},"1":{"start":{"line":6,"column":0},"end":{"line":8,"column":2}},"2":{"start":{"line":7,"column":4},"end":{"line":7,"column":28}},"3":{"start":{"line":10,"column":0},"end":{"line":17,"column":2}},"4":{"start":{"line":11,"column":4},"end":{"line":16,"column":5}},"5":{"start":{"line":12,"column":23},"end":{"line":12,"column":82}},"6":{"start":{"line":13,"column":8},"end":{"line":13,"column":58}},"7":{"start":{"line":15,"column":8},"end":{"line":15,"column":17}}},"fnMap":{"0":{"name":"(anonymous_0)","decl":{"start":{"line":6,"column":16},"end":{"line":6,"column":17}},"loc":{"start":{"line":6,"column":30},"end":{"line":8,"column":1}},"line":6},"1":{"name":"(anonymous_1)","decl":{"start":{"line":10,"column":24},"end":{"line":10,"column":25}},"loc":{"start":{"line":10,"column":50},"end":{"line":17,"column":1}},"line":10}},"branchMap":{},"s":{"0":0,"1":0,"2":0,"3":0,"4":0,"5":0,"6":0,"7":0},"f":{"0":0,"1":0},"b":{},"inputSourceMap":null}
}
