TN:
SF:controllers\authController.js
FN:10,showLoginForm
FN:14,renderLoginError
FN:22,handleLogin
FN:54,handleLogout
FN:55,(anonymous_4)
FN:61,showRegisterForm
FN:65,extractRegisterValues
FN:70,handleRegister
FNF:8
FNH:8
FNDA:1,showLoginForm
FNDA:4,renderLoginError
FNDA:6,handleLogin
FNDA:2,handleLogout
FNDA:2,(anonymous_4)
FNDA:1,showRegisterForm
FNDA:4,extractRegisterValues
FNDA:7,handleRegister
DA:8,1
DA:11,1
DA:15,4
DA:23,6
DA:24,6
DA:25,6
DA:27,6
DA:28,2
DA:31,4
DA:33,3
DA:34,1
DA:37,2
DA:38,2
DA:39,1
DA:42,1
DA:48,1
DA:50,1
DA:55,2
DA:56,2
DA:57,1
DA:62,1
DA:66,4
DA:67,4
DA:71,7
DA:72,7
DA:74,7
DA:75,4
DA:81,3
DA:83,1
DA:89,2
DA:90,1
DA:95,1
LF:32
LH:32
BRDA:27,0,0,2
BRDA:27,0,1,4
BRDA:33,1,0,1
BRDA:33,1,1,2
BRDA:38,2,0,1
BRDA:38,2,1,1
BRDA:56,3,0,1
BRDA:56,3,1,1
BRDA:74,4,0,4
BRDA:74,4,1,3
BRDA:89,5,0,1
BRDA:89,5,1,1
BRF:12
BRH:12
end_of_record
TN:
SF:controllers\booksController.js
FN:6,calculateTotalPages
FN:10,extractAndClearSessionMessage
FN:16,buildFilterParams
FN:24,listBooks
FNF:4
FNH:4
FNDA:9,calculateTotalPages
FNDA:9,extractAndClearSessionMessage
FNDA:9,buildFilterParams
FNDA:10,listBooks
DA:7,9
DA:11,9
DA:12,9
DA:13,9
DA:17,9
DA:25,10
DA:26,10
DA:27,10
DA:28,10
DA:29,10
DA:31,10
DA:32,9
DA:34,9
DA:35,9
DA:41,9
DA:42,9
DA:44,9
DA:53,9
DA:64,1
DA:65,1
LF:20
LH:20
BRDA:7,0,0,6
BRDA:7,0,1,3
BRF:2
BRH:2
end_of_record
TN:
SF:controllers\cartController.js
FN:14,addToCart
FN:40,mapCartItems
FN:41,(anonymous_2)
FN:50,calculateGrandTotal
FN:51,(anonymous_4)
FN:54,viewCart
FN:71,formatOrderDate
FN:75,calculateDeliveryDate
FN:80,createOrderDetails
FN:86,buildInvoiceData
FN:104,checkout
FNF:11
FNH:11
FNDA:5,addToCart
FNDA:4,mapCartItems
FNDA:5,(anonymous_2)
FNDA:4,calculateGrandTotal
FNDA:5,(anonymous_4)
FNDA:3,viewCart
FNDA:3,formatOrderDate
FNDA:3,calculateDeliveryDate
FNDA:3,createOrderDetails
FNDA:3,buildInvoiceData
FNDA:6,checkout
DA:15,5
DA:16,5
DA:17,1
DA:20,4
DA:21,4
DA:22,4
DA:24,4
DA:26,3
DA:27,2
DA:29,1
DA:30,1
DA:33,3
DA:34,3
DA:36,1
DA:41,5
DA:51,5
DA:55,3
DA:56,3
DA:57,1
DA:60,2
DA:61,2
DA:62,1
DA:63,1
DA:65,1
DA:67,1
DA:72,3
DA:76,3
DA:77,3
DA:81,3
DA:82,3
DA:87,3
DA:88,3
DA:90,3
DA:105,6
DA:106,6
DA:107,1
DA:110,5
DA:111,5
DA:113,4
DA:114,1
DA:117,3
DA:118,3
DA:120,3
DA:126,3
DA:127,3
DA:129,3
DA:130,3
DA:132,1
LF:48
LH:48
BRDA:16,0,0,1
BRDA:16,0,1,4
BRDA:22,1,0,4
BRDA:22,1,1,0
BRDA:26,2,0,2
BRDA:26,2,1,1
BRDA:34,3,0,3
BRDA:34,3,1,0
BRDA:56,4,0,1
BRDA:56,4,1,2
BRDA:106,5,0,1
BRDA:106,5,1,5
BRDA:113,6,0,1
BRDA:113,6,1,3
BRF:14
BRH:12
end_of_record
TN:
SF:models\authModel.js
FN:3,findUserByEmail
FNF:1
FNH:1
FNDA:4,findUserByEmail
DA:4,4
DA:8,3
LF:2
LH:2
BRDA:8,0,0,3
BRDA:8,0,1,1
BRF:2
BRH:2
end_of_record
TN:
SF:models\booksModel.js
FN:3,getSubjects
FN:7,(anonymous_1)
FN:10,getBooksPage
FNF:3
FNH:3
FNDA:10,getSubjects
FNDA:12,(anonymous_1)
FNDA:9,getBooksPage
DA:4,10
DA:7,12
DA:11,9
DA:13,9
DA:14,9
DA:16,9
DA:17,1
DA:18,1
DA:21,9
DA:22,1
DA:23,1
DA:26,9
DA:27,1
DA:28,1
DA:31,9
DA:34,9
DA:35,9
DA:36,9
DA:39,9
DA:40,9
DA:42,9
DA:50,9
DA:60,9
DA:62,9
LF:24
LH:24
BRDA:16,0,0,1
BRDA:16,0,1,8
BRDA:21,1,0,1
BRDA:21,1,1,8
BRDA:26,2,0,1
BRDA:26,2,1,8
BRDA:31,3,0,1
BRDA:31,3,1,8
BRDA:39,4,0,9
BRDA:39,4,1,0
BRDA:40,5,0,9
BRDA:40,5,1,8
BRF:12
BRH:11
end_of_record
TN:
SF:models\cartModel.js
FN:3,getCartItem
FN:11,addItemToCart
FN:18,updateCartItemQuantity
FN:25,getCartWithDetails
FN:39,getCartWithUserDetails
FN:57,createOrder
FN:66,createOrderDetail
FN:74,clearCart
FNF:8
FNH:8
FNDA:4,getCartItem
FNDA:2,addItemToCart
FNDA:1,updateCartItemQuantity
FNDA:2,getCartWithDetails
FNDA:5,getCartWithUserDetails
FNDA:3,createOrder
FNDA:3,createOrderDetail
FNDA:3,clearCart
DA:4,4
DA:8,3
DA:12,2
DA:19,1
DA:26,2
DA:36,1
DA:40,5
DA:54,4
DA:58,3
DA:63,3
DA:67,3
DA:75,3
LF:12
LH:12
BRDA:8,0,0,3
BRDA:8,0,1,2
BRF:2
BRH:2
end_of_record
TN:
SF:models\membersModel.js
FN:4,createMember
FNF:1
FNH:1
FNDA:3,createMember
DA:5,3
DA:7,3
DA:13,3
DA:24,3
DA:25,1
LF:5
LH:5
BRF:0
BRH:0
end_of_record
TN:
SF:routes\authRouter.js
FNF:0
FNH:0
DA:11,0
DA:13,0
DA:14,0
DA:16,0
DA:17,0
DA:19,0
LF:6
LH:0
BRF:0
BRH:0
end_of_record
TN:
SF:routes\booksRouter.js
FNF:0
FNH:0
DA:5,0
DA:7,0
LF:2
LH:0
BRF:0
BRH:0
end_of_record
TN:
SF:routes\cartRouter.js
FN:18,(anonymous_0)
FNF:1
FNH:0
FNDA:0,(anonymous_0)
DA:5,0
DA:6,0
DA:8,0
DA:9,0
DA:10,0
DA:18,0
DA:19,0
LF:7
LH:0
BRF:0
BRH:0
end_of_record
TN:
SF:routes\indexRouter.js
FN:6,(anonymous_0)
FN:10,(anonymous_1)
FNF:2
FNH:0
FNDA:0,(anonymous_0)
FNDA:0,(anonymous_1)
DA:4,0
DA:6,0
DA:7,0
DA:10,0
DA:11,0
DA:12,0
DA:13,0
DA:15,0
LF:8
LH:0
BRF:0
BRH:0
end_of_record
